<?xml version="1.0" encoding="UTF-8"?>
<!-- Generated by org.testng.reporters.JUnitXMLReporter -->
<testsuite hostname="LAPTOP-ISBERBL9" ignored="0" name="冒烟测试" tests="10" failures="0" timestamp="27 三月 2024 10:45:46 GMT" time="65.176" errors="0">
  <testcase name="@BeforeClass beforeClass" time="0.0" classname="page.TestContact">
    <failure type="org.openqa.selenium.StaleElementReferenceException" message="stale element reference: stale element not found in the current frame
  (Session info: chrome=123.0.6312.86)
For documentation on this error, please visit: https://www.seleniumhq.org/exceptions/stale_element_reference.html
Build info: version: &amp;apos;3.141.59&amp;apos;, revision: &amp;apos;e82be7d358&amp;apos;, time: &amp;apos;2018-11-14T08:17:03&amp;apos;
System info: host: &amp;apos;LAPTOP-ISBERBL9&amp;apos;, ip: &amp;apos;192.168.36.1&amp;apos;, os.name: &amp;apos;Windows 10&amp;apos;, os.arch: &amp;apos;amd64&amp;apos;, os.version: &amp;apos;10.0&amp;apos;, java.version: &amp;apos;1.8.0_241&amp;apos;
Driver info: org.openqa.selenium.chrome.ChromeDriver
Capabilities {acceptInsecureCerts: false, browserName: chrome, browserVersion: 123.0.6312.86, chrome: {chromedriverVersion: 123.0.6312.86 (9b72c47a0536..., userDataDir: C:\Users\杨振威\AppData\Local\...}, fedcm:accounts: true, goog:chromeOptions: {debuggerAddress: localhost:56244}, javascriptEnabled: true, networkConnectionEnabled: false, pageLoadStrategy: normal, platform: WINDOWS, platformName: WINDOWS, proxy: Proxy(), setWindowRect: true, strictFileInteractability: false, timeouts: {implicit: 0, pageLoad: 300000, script: 30000}, unhandledPromptBehavior: dismiss and notify, webauthn:extension:credBlob: true, webauthn:extension:largeBlob: true, webauthn:extension:minPinLength: true, webauthn:extension:prf: true, webauthn:virtualAuthenticators: true}
Session ID: 8d691ad2d773dea956479db33b6f2ca7">
      <![CDATA[org.openqa.selenium.StaleElementReferenceException: stale element reference: stale element not found in the current frame
  (Session info: chrome=123.0.6312.86)
For documentation on this error, please visit: https://www.seleniumhq.org/exceptions/stale_element_reference.html
Build info: version: '3.141.59', revision: 'e82be7d358', time: '2018-11-14T08:17:03'
System info: host: 'LAPTOP-ISBERBL9', ip: '192.168.36.1', os.name: 'Windows 10', os.arch: 'amd64', os.version: '10.0', java.version: '1.8.0_241'
Driver info: org.openqa.selenium.chrome.ChromeDriver
Capabilities {acceptInsecureCerts: false, browserName: chrome, browserVersion: 123.0.6312.86, chrome: {chromedriverVersion: 123.0.6312.86 (9b72c47a0536..., userDataDir: C:\Users\杨振威\AppData\Local\...}, fedcm:accounts: true, goog:chromeOptions: {debuggerAddress: localhost:56244}, javascriptEnabled: true, networkConnectionEnabled: false, pageLoadStrategy: normal, platform: WINDOWS, platformName: WINDOWS, proxy: Proxy(), setWindowRect: true, strictFileInteractability: false, timeouts: {implicit: 0, pageLoad: 300000, script: 30000}, unhandledPromptBehavior: dismiss and notify, webauthn:extension:credBlob: true, webauthn:extension:largeBlob: true, webauthn:extension:minPinLength: true, webauthn:extension:prf: true, webauthn:virtualAuthenticators: true}
Session ID: 8d691ad2d773dea956479db33b6f2ca7
	at org.openqa.selenium.remote.http.W3CHttpResponseCodec.createException(W3CHttpResponseCodec.java:187)
	at org.openqa.selenium.remote.http.W3CHttpResponseCodec.decode(W3CHttpResponseCodec.java:122)
	at org.openqa.selenium.remote.http.W3CHttpResponseCodec.decode(W3CHttpResponseCodec.java:49)
	at org.openqa.selenium.remote.HttpCommandExecutor.execute(HttpCommandExecutor.java:158)
	at org.openqa.selenium.remote.service.DriverCommandExecutor.execute(DriverCommandExecutor.java:83)
	at org.openqa.selenium.remote.RemoteWebDriver.execute(RemoteWebDriver.java:552)
	at org.openqa.selenium.remote.RemoteWebElement.execute(RemoteWebElement.java:285)
	at org.openqa.selenium.remote.RemoteWebElement.click(RemoteWebElement.java:84)
	at page.LoginPage.loginSuccess(LoginPage.java:17)
	at page.TestContact.beforeClass(TestContact.java:19)
	at java.util.concurrent.ThreadPoolExecutor.runWorker(ThreadPoolExecutor.java:1149)
	at java.util.concurrent.ThreadPoolExecutor$Worker.run(ThreadPoolExecutor.java:624)
	at java.lang.Thread.run(Thread.java:748)
... Removed 14 stack frames]]>
    </failure>
  </testcase> <!-- @BeforeClass beforeClass -->
  <testcase name="@AfterClass afterClass" time="0.0" classname="page.TestContact">
    <skipped/>
  </testcase> <!-- @AfterClass afterClass -->
  <testcase name="searchContactSourceSuccess" time="0.01" classname="page.TestContact">
    <skipped/>
  </testcase> <!-- searchContactSourceSuccess -->
  <testcase name="searchMyRecordsSuccess" time="0.002" classname="page.TestContact">
    <skipped/>
  </testcase> <!-- searchMyRecordsSuccess -->
  <testcase name="searchNameFail" time="0.002" classname="page.TestContact">
    <skipped/>
  </testcase> <!-- searchNameFail -->
  <testcase name="searchNameSuccess" time="0.003" classname="page.TestContact">
    <skipped/>
  </testcase> <!-- searchNameSuccess -->
  <testcase name="searchOwnerSuccess" time="0.002" classname="page.TestContact">
    <skipped/>
  </testcase> <!-- searchOwnerSuccess -->
  <testcase name="searchPhoneFail" time="0.002" classname="page.TestContact">
    <skipped/>
  </testcase> <!-- searchPhoneFail -->
  <testcase name="searchPhoneSuccess" time="0.003" classname="page.TestContact">
    <skipped/>
  </testcase> <!-- searchPhoneSuccess -->
  <testcase name="searchRelatedCompanySuccess" time="0.004" classname="page.TestContact">
    <skipped/>
  </testcase> <!-- searchRelatedCompanySuccess -->
  <testcase name="searchRolesSuccess" time="0.017" classname="page.TestContact">
    <skipped/>
  </testcase> <!-- searchRolesSuccess -->
  <testcase name="SearchName" time="3.256" classname="page.TestLead"/>
</testsuite> <!-- 冒烟测试 -->
