{"uuid":"a31aae37-80a5-4c48-88f5-9c8452568169","historyId":"5cfbd2ceae89327648cfb98df93fe3e6","fullName":"page.TestContact.searchPhoneFail","labels":[{"name":"package","value":"page.TestContact"},{"name":"testClass","value":"page.TestContact"},{"name":"testMethod","value":"searchPhoneFail"},{"name":"parentSuite","value":"Default Suite"},{"name":"suite","value":"WebTemplate"},{"name":"subSuite","value":"page.TestContact"},{"name":"host","value":"LAPTOP-ISBERBL9"},{"name":"thread","value":"58584@LAPTOP-ISBERBL9.main(1)"},{"name":"framework","value":"testng"},{"name":"language","value":"java"},{"name":"story","value":"Contact页面的搜索测试用例"}],"links":[],"name":"searchPhoneFail","status":"broken","statusDetails":{"known":false,"muted":false,"flaky":false,"message":"Cannot invoke \"org.openqa.selenium.WebElement.click()\" because the return value of \"page.ContactPage.find(org.openqa.selenium.By)\" is null","trace":"java.lang.NullPointerException: Cannot invoke \"org.openqa.selenium.WebElement.click()\" because the return value of \"page.ContactPage.find(org.openqa.selenium.By)\" is null\r\n\tat page.ContactPage.searchBefore(ContactPage.java:88)\r\n\tat page.ContactPage.searchKeyword(ContactPage.java:117)\r\n\tat page.ContactPage.getContactPhone(ContactPage.java:130)\r\n\tat page.TestContact.searchPhoneFail(TestContact.java:75)\r\n\tat java.base/jdk.internal.reflect.NativeMethodAccessorImpl.invoke0(Native Method)\r\n\tat java.base/jdk.internal.reflect.NativeMethodAccessorImpl.invoke(NativeMethodAccessorImpl.java:78)\r\n\tat java.base/jdk.internal.reflect.DelegatingMethodAccessorImpl.invoke(DelegatingMethodAccessorImpl.java:43)\r\n\tat java.base/java.lang.reflect.Method.invoke(Method.java:567)\r\n\tat org.testng.internal.MethodInvocationHelper.invokeMethod(MethodInvocationHelper.java:104)\r\n\tat org.testng.internal.Invoker.invokeMethod(Invoker.java:645)\r\n\tat org.testng.internal.Invoker.invokeTestMethod(Invoker.java:851)\r\n\tat org.testng.internal.Invoker.invokeTestMethods(Invoker.java:1177)\r\n\tat org.testng.internal.TestMethodWorker.invokeTestMethods(TestMethodWorker.java:129)\r\n\tat org.testng.internal.TestMethodWorker.run(TestMethodWorker.java:112)\r\n\tat org.testng.TestRunner.privateRun(TestRunner.java:756)\r\n\tat org.testng.TestRunner.run(TestRunner.java:610)\r\n\tat org.testng.SuiteRunner.runTest(SuiteRunner.java:387)\r\n\tat org.testng.SuiteRunner.runSequentially(SuiteRunner.java:382)\r\n\tat org.testng.SuiteRunner.privateRun(SuiteRunner.java:340)\r\n\tat org.testng.SuiteRunner.run(SuiteRunner.java:289)\r\n\tat org.testng.SuiteRunnerWorker.runSuite(SuiteRunnerWorker.java:52)\r\n\tat org.testng.SuiteRunnerWorker.run(SuiteRunnerWorker.java:86)\r\n\tat org.testng.TestNG.runSuitesSequentially(TestNG.java:1293)\r\n\tat org.testng.TestNG.runSuitesLocally(TestNG.java:1218)\r\n\tat org.testng.TestNG.runSuites(TestNG.java:1133)\r\n\tat org.testng.TestNG.run(TestNG.java:1104)\r\n\tat com.intellij.rt.testng.IDEARemoteTestNG.run(IDEARemoteTestNG.java:66)\r\n\tat com.intellij.rt.testng.RemoteTestNGStarter.main(RemoteTestNGStarter.java:105)\r\n"},"stage":"finished","description":"错误用例：Keyword搜索Contact phone","steps":[{"name":"验证参数：input null","status":"broken","statusDetails":{"known":false,"muted":false,"flaky":false,"message":"Cannot invoke \"org.openqa.selenium.WebElement.click()\" because the return value of \"page.ContactPage.find(org.openqa.selenium.By)\" is null","trace":"java.lang.NullPointerException: Cannot invoke \"org.openqa.selenium.WebElement.click()\" because the return value of \"page.ContactPage.find(org.openqa.selenium.By)\" is null\r\n\tat page.ContactPage.searchBefore(ContactPage.java:88)\r\n\tat page.ContactPage.searchKeyword(ContactPage.java:117)\r\n\tat page.ContactPage.getContactPhone(ContactPage.java:130)\r\n\tat page.TestContact.searchPhoneFail(TestContact.java:75)\r\n\tat java.base/jdk.internal.reflect.NativeMethodAccessorImpl.invoke0(Native Method)\r\n\tat java.base/jdk.internal.reflect.NativeMethodAccessorImpl.invoke(NativeMethodAccessorImpl.java:78)\r\n\tat java.base/jdk.internal.reflect.DelegatingMethodAccessorImpl.invoke(DelegatingMethodAccessorImpl.java:43)\r\n\tat java.base/java.lang.reflect.Method.invoke(Method.java:567)\r\n\tat org.testng.internal.MethodInvocationHelper.invokeMethod(MethodInvocationHelper.java:104)\r\n\tat org.testng.internal.Invoker.invokeMethod(Invoker.java:645)\r\n\tat org.testng.internal.Invoker.invokeTestMethod(Invoker.java:851)\r\n\tat org.testng.internal.Invoker.invokeTestMethods(Invoker.java:1177)\r\n\tat org.testng.internal.TestMethodWorker.invokeTestMethods(TestMethodWorker.java:129)\r\n\tat org.testng.internal.TestMethodWorker.run(TestMethodWorker.java:112)\r\n\tat org.testng.TestRunner.privateRun(TestRunner.java:756)\r\n\tat org.testng.TestRunner.run(TestRunner.java:610)\r\n\tat org.testng.SuiteRunner.runTest(SuiteRunner.java:387)\r\n\tat org.testng.SuiteRunner.runSequentially(SuiteRunner.java:382)\r\n\tat org.testng.SuiteRunner.privateRun(SuiteRunner.java:340)\r\n\tat org.testng.SuiteRunner.run(SuiteRunner.java:289)\r\n\tat org.testng.SuiteRunnerWorker.runSuite(SuiteRunnerWorker.java:52)\r\n\tat org.testng.SuiteRunnerWorker.run(SuiteRunnerWorker.java:86)\r\n\tat org.testng.TestNG.runSuitesSequentially(TestNG.java:1293)\r\n\tat org.testng.TestNG.runSuitesLocally(TestNG.java:1218)\r\n\tat org.testng.TestNG.runSuites(TestNG.java:1133)\r\n\tat org.testng.TestNG.run(TestNG.java:1104)\r\n\tat com.intellij.rt.testng.IDEARemoteTestNG.run(IDEARemoteTestNG.java:66)\r\n\tat com.intellij.rt.testng.RemoteTestNGStarter.main(RemoteTestNGStarter.java:105)\r\n"},"stage":"finished","steps":[],"attachments":[],"parameters":[{"name":"input","value":"null"},{"name":"by","value":"By.xpath: //tr[@class='el-table__row']/td[4]/div"}],"start":1711526815454,"stop":1711526815455}],"attachments":[],"parameters":[],"start":1711526815453,"stop":1711526815456}